# JRE version: Java(TM) SE Runtime Environment (8.0_202-b08) (build 1.8.0_202-b08)
# Java VM: Java HotSpot(TM) 64-Bit Server VM (25.202-b08 mixed mode windows-amd64 compressed oops)
Heap:
 PSYoungGen      total 75776K, used 22633K [0x000000076b700000, 0x0000000770b80000, 0x00000007c0000000)
  eden space 65024K, 18% used [0x000000076b700000,0x000000076c29e408,0x000000076f680000)
  from space 10752K, 99% used [0x000000076f680000,0x00000007700fc280,0x0000000770100000)
  to   space 10752K, 0% used [0x0000000770100000,0x0000000770100000,0x0000000770b80000)
 ParOldGen       total 173568K, used 201K [0x00000006c2400000, 0x00000006ccd80000, 0x000000076b700000)
  object space 173568K, 0% used [0x00000006c2400000,0x00000006c2432600,0x00000006ccd80000)
 Metaspace       used 16557K, capacity 16902K, committed 17152K, reserved 1064960K
  class space    used 1920K, capacity 2026K, committed 2048K, reserved 1048576K
GC Heap History (6 events):
Event: 25.752 GC heap before
{Heap before GC invocations=1 (full 0):
 PSYoungGen      total 75776K, used 65024K [0x000000076b700000, 0x0000000770b80000, 0x00000007c0000000)
  eden space 65024K, 100% used [0x000000076b700000,0x000000076f680000,0x000000076f680000)
  from space 10752K, 0% used [0x0000000770100000,0x0000000770100000,0x0000000770b80000)
  to   space 10752K, 0% used [0x000000076f680000,0x000000076f680000,0x0000000770100000)
 ParOldGen       total 173568K, used 0K [0x00000006c2400000, 0x00000006ccd80000, 0x000000076b700000)
  object space 173568K, 0% used [0x00000006c2400000,0x00000006c2400000,0x00000006ccd80000)
 Metaspace       used 11285K, capacity 11484K, committed 11776K, reserved 1058816K
  class space    used 1395K, capacity 1479K, committed 1536K, reserved 1048576K
Event: 25.890 GC heap after
Heap after GC invocations=1 (full 0):
 PSYoungGen      total 75776K, used 10153K [0x000000076b700000, 0x0000000770b80000, 0x00000007c0000000)
  eden space 65024K, 0% used [0x000000076b700000,0x000000076b700000,0x000000076f680000)
  from space 10752K, 94% used [0x000000076f680000,0x000000077006a7b0,0x0000000770100000)
  to   space 10752K, 0% used [0x0000000770100000,0x0000000770100000,0x0000000770b80000)
 ParOldGen       total 173568K, used 8K [0x00000006c2400000, 0x00000006ccd80000, 0x000000076b700000)
  object space 173568K, 0% used [0x00000006c2400000,0x00000006c2402000,0x00000006ccd80000)
 Metaspace       used 11285K, capacity 11484K, committed 11776K, reserved 1058816K
  class space    used 1395K, capacity 1479K, committed 1536K, reserved 1048576K
}
Event: 62.020 GC heap before
{Heap before GC invocations=2 (full 0):
 PSYoungGen      total 75776K, used 75177K [0x000000076b700000, 0x0000000770b80000, 0x00000007c0000000)
  eden space 65024K, 100% used [0x000000076b700000,0x000000076f680000,0x000000076f680000)
  from space 10752K, 94% used [0x000000076f680000,0x000000077006a7b0,0x0000000770100000)
  to   space 10752K, 0% used [0x0000000770100000,0x0000000770100000,0x0000000770b80000)
 ParOldGen       total 173568K, used 8K [0x00000006c2400000, 0x00000006ccd80000, 0x000000076b700000)
  object space 173568K, 0% used [0x00000006c2400000,0x00000006c2402000,0x00000006ccd80000)
 Metaspace       used 15438K, capacity 15690K, committed 15872K, reserved 1062912K
  class space    used 1854K, capacity 1948K, committed 2048K, reserved 1048576K
Event: 62.193 GC heap after
Heap after GC invocations=2 (full 0):
 PSYoungGen      total 75776K, used 10183K [0x000000076b700000, 0x0000000770b80000, 0x00000007c0000000)
  eden space 65024K, 0% used [0x000000076b700000,0x000000076b700000,0x000000076f680000)
  from space 10752K, 94% used [0x0000000770100000,0x0000000770af1e28,0x0000000770b80000)
  to   space 10752K, 0% used [0x000000076f680000,0x000000076f680000,0x0000000770100000)
 ParOldGen       total 173568K, used 16K [0x00000006c2400000, 0x00000006ccd80000, 0x000000076b700000)
  object space 173568K, 0% used [0x00000006c2400000,0x00000006c2404000,0x00000006ccd80000)
 Metaspace       used 15438K, capacity 15690K, committed 15872K, reserved 1062912K
  class space    used 1854K, capacity 1948K, committed 2048K, reserved 1048576K
}
Event: 83.298 GC heap before
{Heap before GC invocations=3 (full 0):
 PSYoungGen      total 75776K, used 75207K [0x000000076b700000, 0x0000000770b80000, 0x00000007c0000000)
  eden space 65024K, 100% used [0x000000076b700000,0x000000076f680000,0x000000076f680000)
  from space 10752K, 94% used [0x0000000770100000,0x0000000770af1e28,0x0000000770b80000)
  to   space 10752K, 0% used [0x000000076f680000,0x000000076f680000,0x0000000770100000)
 ParOldGen       total 173568K, used 16K [0x00000006c2400000, 0x00000006ccd80000, 0x000000076b700000)
  object space 173568K, 0% used [0x00000006c2400000,0x00000006c2404000,0x00000006ccd80000)
 Metaspace       used 16244K, capacity 16526K, committed 16640K, reserved 1064960K
  class space    used 1884K, capacity 1986K, committed 2048K, reserved 1048576K
Event: 83.659 GC heap after
Heap after GC invocations=3 (full 0):
 PSYoungGen      total 75776K, used 10736K [0x000000076b700000, 0x0000000770b80000, 0x00000007c0000000)
  eden space 65024K, 0% used [0x000000076b700000,0x000000076b700000,0x000000076f680000)
  from space 10752K, 99% used [0x000000076f680000,0x00000007700fc280,0x0000000770100000)
  to   space 10752K, 0% used [0x0000000770100000,0x0000000770100000,0x0000000770b80000)
 ParOldGen       total 173568K, used 201K [0x00000006c2400000, 0x00000006ccd80000, 0x000000076b700000)
  object space 173568K, 0% used [0x00000006c2400000,0x00000006c2432600,0x00000006ccd80000)
 Metaspace       used 16244K, capacity 16526K, committed 16640K, reserved 1064960K
  class space    used 1884K, capacity 1986K, committed 2048K, reserved 1048576K
}

