# JRE version: Java(TM) SE Runtime Environment (8.0_202-b08) (build 1.8.0_202-b08)
# Java VM: Java HotSpot(TM) 64-Bit Server VM (25.202-b08 mixed mode windows-amd64 compressed oops)
Heap:
 PSYoungGen      total 75776K, used 40432K [0x000000076b700000, 0x0000000770b80000, 0x00000007c0000000)
  eden space 65024K, 46% used [0x000000076b700000,0x000000076d47e480,0x000000076f680000)
  from space 10752K, 95% used [0x0000000770100000,0x0000000770afde18,0x0000000770b80000)
  to   space 10752K, 0% used [0x000000076f680000,0x000000076f680000,0x0000000770100000)
 ParOldGen       total 173568K, used 24K [0x00000006c2400000, 0x00000006ccd80000, 0x000000076b700000)
  object space 173568K, 0% used [0x00000006c2400000,0x00000006c2406000,0x00000006ccd80000)
 Metaspace       used 15936K, capacity 16200K, committed 16384K, reserved 1062912K
  class space    used 1879K, capacity 1985K, committed 2048K, reserved 1048576K
GC Heap History (4 events):
Event: 16.520 GC heap before
{Heap before GC invocations=1 (full 0):
 PSYoungGen      total 75776K, used 65024K [0x000000076b700000, 0x0000000770b80000, 0x00000007c0000000)
  eden space 65024K, 100% used [0x000000076b700000,0x000000076f680000,0x000000076f680000)
  from space 10752K, 0% used [0x0000000770100000,0x0000000770100000,0x0000000770b80000)
  to   space 10752K, 0% used [0x000000076f680000,0x000000076f680000,0x0000000770100000)
 ParOldGen       total 173568K, used 0K [0x00000006c2400000, 0x00000006ccd80000, 0x000000076b700000)
  object space 173568K, 0% used [0x00000006c2400000,0x00000006c2400000,0x00000006ccd80000)
 Metaspace       used 11297K, capacity 11484K, committed 11776K, reserved 1058816K
  class space    used 1394K, capacity 1479K, committed 1536K, reserved 1048576K
Event: 16.609 GC heap after
Heap after GC invocations=1 (full 0):
 PSYoungGen      total 75776K, used 10090K [0x000000076b700000, 0x0000000770b80000, 0x00000007c0000000)
  eden space 65024K, 0% used [0x000000076b700000,0x000000076b700000,0x000000076f680000)
  from space 10752K, 93% used [0x000000076f680000,0x000000077005aa70,0x0000000770100000)
  to   space 10752K, 0% used [0x0000000770100000,0x0000000770100000,0x0000000770b80000)
 ParOldGen       total 173568K, used 0K [0x00000006c2400000, 0x00000006ccd80000, 0x000000076b700000)
  object space 173568K, 0% used [0x00000006c2400000,0x00000006c2400000,0x00000006ccd80000)
 Metaspace       used 11297K, capacity 11484K, committed 11776K, reserved 1058816K
  class space    used 1394K, capacity 1479K, committed 1536K, reserved 1048576K
}
Event: 73.244 GC heap before
{Heap before GC invocations=2 (full 0):
 PSYoungGen      total 75776K, used 75114K [0x000000076b700000, 0x0000000770b80000, 0x00000007c0000000)
  eden space 65024K, 100% used [0x000000076b700000,0x000000076f680000,0x000000076f680000)
  from space 10752K, 93% used [0x000000076f680000,0x000000077005aa70,0x0000000770100000)
  to   space 10752K, 0% used [0x0000000770100000,0x0000000770100000,0x0000000770b80000)
 ParOldGen       total 173568K, used 0K [0x00000006c2400000, 0x00000006ccd80000, 0x000000076b700000)
  object space 173568K, 0% used [0x00000006c2400000,0x00000006c2400000,0x00000006ccd80000)
 Metaspace       used 15443K, capacity 15690K, committed 15872K, reserved 1062912K
  class space    used 1851K, capacity 1948K, committed 2048K, reserved 1048576K
Event: 73.617 GC heap after
Heap after GC invocations=2 (full 0):
 PSYoungGen      total 75776K, used 10231K [0x000000076b700000, 0x0000000770b80000, 0x00000007c0000000)
  eden space 65024K, 0% used [0x000000076b700000,0x000000076b700000,0x000000076f680000)
  from space 10752K, 95% used [0x0000000770100000,0x0000000770afde18,0x0000000770b80000)
  to   space 10752K, 0% used [0x000000076f680000,0x000000076f680000,0x0000000770100000)
 ParOldGen       total 173568K, used 24K [0x00000006c2400000, 0x00000006ccd80000, 0x000000076b700000)
  object space 173568K, 0% used [0x00000006c2400000,0x00000006c2406000,0x00000006ccd80000)
 Metaspace       used 15443K, capacity 15690K, committed 15872K, reserved 1062912K
  class space    used 1851K, capacity 1948K, committed 2048K, reserved 1048576K
}

