# JRE version: Java(TM) SE Runtime Environment (8.0_202-b08) (build 1.8.0_202-b08)
# Java VM: Java HotSpot(TM) 64-Bit Server VM (25.202-b08 mixed mode windows-amd64 compressed oops)
Heap:
 PSYoungGen      total 75776K, used 64414K [0x000000076b700000, 0x0000000774b00000, 0x00000007c0000000)
  eden space 65024K, 83% used [0x000000076b700000,0x000000076ebe6e00,0x000000076f680000)
  from space 10752K, 95% used [0x0000000774080000,0x0000000774a80ca8,0x0000000774b00000)
  to   space 10752K, 0% used [0x000000076f680000,0x000000076f680000,0x0000000770100000)
 ParOldGen       total 173568K, used 24K [0x00000006c2400000, 0x00000006ccd80000, 0x000000076b700000)
  object space 173568K, 0% used [0x00000006c2400000,0x00000006c2406000,0x00000006ccd80000)
 Metaspace       used 16136K, capacity 16456K, committed 16640K, reserved 1064960K
  class space    used 1884K, capacity 1985K, committed 2048K, reserved 1048576K
GC Heap History (4 events):
Event: 18.429 GC heap before
{Heap before GC invocations=1 (full 0):
 PSYoungGen      total 75776K, used 65024K [0x000000076b700000, 0x0000000770b80000, 0x00000007c0000000)
  eden space 65024K, 100% used [0x000000076b700000,0x000000076f680000,0x000000076f680000)
  from space 10752K, 0% used [0x0000000770100000,0x0000000770100000,0x0000000770b80000)
  to   space 10752K, 0% used [0x000000076f680000,0x000000076f680000,0x0000000770100000)
 ParOldGen       total 173568K, used 0K [0x00000006c2400000, 0x00000006ccd80000, 0x000000076b700000)
  object space 173568K, 0% used [0x00000006c2400000,0x00000006c2400000,0x00000006ccd80000)
 Metaspace       used 11291K, capacity 11484K, committed 11776K, reserved 1058816K
  class space    used 1398K, capacity 1479K, committed 1536K, reserved 1048576K
Event: 18.630 GC heap after
Heap after GC invocations=1 (full 0):
 PSYoungGen      total 75776K, used 10200K [0x000000076b700000, 0x0000000774b00000, 0x00000007c0000000)
  eden space 65024K, 0% used [0x000000076b700000,0x000000076b700000,0x000000076f680000)
  from space 10752K, 94% used [0x000000076f680000,0x0000000770076138,0x0000000770100000)
  to   space 10752K, 0% used [0x0000000774080000,0x0000000774080000,0x0000000774b00000)
 ParOldGen       total 173568K, used 8K [0x00000006c2400000, 0x00000006ccd80000, 0x000000076b700000)
  object space 173568K, 0% used [0x00000006c2400000,0x00000006c2402000,0x00000006ccd80000)
 Metaspace       used 11291K, capacity 11484K, committed 11776K, reserved 1058816K
  class space    used 1398K, capacity 1479K, committed 1536K, reserved 1048576K
}
Event: 72.435 GC heap before
{Heap before GC invocations=2 (full 0):
 PSYoungGen      total 75776K, used 75224K [0x000000076b700000, 0x0000000774b00000, 0x00000007c0000000)
  eden space 65024K, 100% used [0x000000076b700000,0x000000076f680000,0x000000076f680000)
  from space 10752K, 94% used [0x000000076f680000,0x0000000770076138,0x0000000770100000)
  to   space 10752K, 0% used [0x0000000774080000,0x0000000774080000,0x0000000774b00000)
 ParOldGen       total 173568K, used 8K [0x00000006c2400000, 0x00000006ccd80000, 0x000000076b700000)
  object space 173568K, 0% used [0x00000006c2400000,0x00000006c2402000,0x00000006ccd80000)
 Metaspace       used 15414K, capacity 15696K, committed 15872K, reserved 1062912K
  class space    used 1855K, capacity 1949K, committed 2048K, reserved 1048576K
Event: 72.805 GC heap after
Heap after GC invocations=2 (full 0):
 PSYoungGen      total 75776K, used 10243K [0x000000076b700000, 0x0000000774b00000, 0x00000007c0000000)
  eden space 65024K, 0% used [0x000000076b700000,0x000000076b700000,0x000000076f680000)
  from space 10752K, 95% used [0x0000000774080000,0x0000000774a80ca8,0x0000000774b00000)
  to   space 10752K, 0% used [0x000000076f680000,0x000000076f680000,0x0000000770100000)
 ParOldGen       total 173568K, used 24K [0x00000006c2400000, 0x00000006ccd80000, 0x000000076b700000)
  object space 173568K, 0% used [0x00000006c2400000,0x00000006c2406000,0x00000006ccd80000)
 Metaspace       used 15414K, capacity 15696K, committed 15872K, reserved 1062912K
  class space    used 1855K, capacity 1949K, committed 2048K, reserved 1048576K
}

